2022-07-14 02:54:58,449  INFO [main] WebDriverManager:632 - Using msedgedriver 103.0.1264.49 (resolved driver for Edge 103)
 2022-07-14 02:54:58,462  INFO [main] WebDriverManager:689 - Exporting webdriver.edge.driver as C:\Users\nishant\.cache\selenium\msedgedriver\win64\103.0.1264.49\msedgedriver.exe
 2022-07-14 02:55:20,711  INFO [main] WebDriverManager:632 - Using msedgedriver 103.0.1264.49 (resolved driver for Edge 103)
 2022-07-14 02:55:20,724  INFO [main] WebDriverManager:689 - Exporting webdriver.edge.driver as C:\Users\nishant\.cache\selenium\msedgedriver\win64\103.0.1264.49\msedgedriver.exe
 2022-07-14 02:55:26,475  INFO [main] WebDriverManager:632 - Using msedgedriver 103.0.1264.49 (resolved driver for Edge 103)
 2022-07-14 02:55:26,480  INFO [main] WebDriverManager:689 - Exporting webdriver.edge.driver as C:\Users\nishant\.cache\selenium\msedgedriver\win64\103.0.1264.49\msedgedriver.exe
 2022-07-14 02:55:34,830  INFO [main] WebDriverManager:632 - Using msedgedriver 103.0.1264.49 (resolved driver for Edge 103)
 2022-07-14 02:55:34,830  INFO [main] WebDriverManager:689 - Exporting webdriver.edge.driver as C:\Users\nishant\.cache\selenium\msedgedriver\win64\103.0.1264.49\msedgedriver.exe
 2022-07-14 02:55:40,402  INFO [main] WebDriverManager:632 - Using msedgedriver 103.0.1264.49 (resolved driver for Edge 103)
 2022-07-14 02:55:40,409  INFO [main] WebDriverManager:689 - Exporting webdriver.edge.driver as C:\Users\nishant\.cache\selenium\msedgedriver\win64\103.0.1264.49\msedgedriver.exe
 2022-07-14 02:55:46,437  INFO [main] WebDriverManager:632 - Using msedgedriver 103.0.1264.49 (resolved driver for Edge 103)
 2022-07-14 02:55:46,440  INFO [main] WebDriverManager:689 - Exporting webdriver.edge.driver as C:\Users\nishant\.cache\selenium\msedgedriver\win64\103.0.1264.49\msedgedriver.exe
 2022-07-14 02:55:56,709  INFO [main] WebDriverManager:632 - Using msedgedriver 103.0.1264.49 (resolved driver for Edge 103)
 2022-07-14 02:55:56,724  INFO [main] WebDriverManager:689 - Exporting webdriver.edge.driver as C:\Users\nishant\.cache\selenium\msedgedriver\win64\103.0.1264.49\msedgedriver.exe
 2022-07-14 02:56:06,407  INFO [main] WebDriverManager:632 - Using msedgedriver 103.0.1264.49 (resolved driver for Edge 103)
 2022-07-14 02:56:06,412  INFO [main] WebDriverManager:689 - Exporting webdriver.edge.driver as C:\Users\nishant\.cache\selenium\msedgedriver\win64\103.0.1264.49\msedgedriver.exe
 2022-07-14 02:56:20,197  INFO [main] WebDriverManager:632 - Using msedgedriver 103.0.1264.49 (resolved driver for Edge 103)
 2022-07-14 02:56:20,230  INFO [main] WebDriverManager:689 - Exporting webdriver.edge.driver as C:\Users\nishant\.cache\selenium\msedgedriver\win64\103.0.1264.49\msedgedriver.exe
 2022-07-14 02:56:32,861  INFO [main] WebDriverManager:632 - Using msedgedriver 103.0.1264.49 (resolved driver for Edge 103)
 2022-07-14 02:56:32,872  INFO [main] WebDriverManager:689 - Exporting webdriver.edge.driver as C:\Users\nishant\.cache\selenium\msedgedriver\win64\103.0.1264.49\msedgedriver.exe
 2022-07-14 02:56:45,090  INFO [main] WebDriverManager:632 - Using msedgedriver 103.0.1264.49 (resolved driver for Edge 103)
 2022-07-14 02:56:45,106  INFO [main] WebDriverManager:689 - Exporting webdriver.edge.driver as C:\Users\nishant\.cache\selenium\msedgedriver\win64\103.0.1264.49\msedgedriver.exe
 2022-07-14 02:56:56,460  INFO [main] WebDriverManager:632 - Using msedgedriver 103.0.1264.49 (resolved driver for Edge 103)
 2022-07-14 02:56:56,492  INFO [main] WebDriverManager:689 - Exporting webdriver.edge.driver as C:\Users\nishant\.cache\selenium\msedgedriver\win64\103.0.1264.49\msedgedriver.exe
 2022-07-14 02:57:07,161  INFO [main] WebDriverManager:632 - Using msedgedriver 103.0.1264.49 (resolved driver for Edge 103)
 2022-07-14 02:57:07,161  INFO [main] WebDriverManager:689 - Exporting webdriver.edge.driver as C:\Users\nishant\.cache\selenium\msedgedriver\win64\103.0.1264.49\msedgedriver.exe
 2022-07-14 02:57:22,269  INFO [main] WebDriverManager:632 - Using msedgedriver 103.0.1264.49 (resolved driver for Edge 103)
 2022-07-14 02:57:22,284  INFO [main] WebDriverManager:689 - Exporting webdriver.edge.driver as C:\Users\nishant\.cache\selenium\msedgedriver\win64\103.0.1264.49\msedgedriver.exe
 2022-07-14 02:57:38,331  INFO [main] WebDriverManager:632 - Using msedgedriver 103.0.1264.49 (resolved driver for Edge 103)
 2022-07-14 02:57:38,347  INFO [main] WebDriverManager:689 - Exporting webdriver.edge.driver as C:\Users\nishant\.cache\selenium\msedgedriver\win64\103.0.1264.49\msedgedriver.exe
 2022-07-14 02:57:51,161  INFO [main] WebDriverManager:632 - Using msedgedriver 103.0.1264.49 (resolved driver for Edge 103)
 2022-07-14 02:57:51,173  INFO [main] WebDriverManager:689 - Exporting webdriver.edge.driver as C:\Users\nishant\.cache\selenium\msedgedriver\win64\103.0.1264.49\msedgedriver.exe
 2022-07-14 02:58:10,244  INFO [main] WebDriverManager:632 - Using msedgedriver 103.0.1264.49 (resolved driver for Edge 103)
 2022-07-14 02:58:10,244  INFO [main] WebDriverManager:689 - Exporting webdriver.edge.driver as C:\Users\nishant\.cache\selenium\msedgedriver\win64\103.0.1264.49\msedgedriver.exe
 2022-07-14 02:58:23,985  INFO [main] WebDriverManager:632 - Using msedgedriver 103.0.1264.49 (resolved driver for Edge 103)
 2022-07-14 02:58:23,989  INFO [main] WebDriverManager:689 - Exporting webdriver.edge.driver as C:\Users\nishant\.cache\selenium\msedgedriver\win64\103.0.1264.49\msedgedriver.exe
 2022-07-14 02:58:35,669  INFO [main] WebDriverManager:632 - Using msedgedriver 103.0.1264.49 (resolved driver for Edge 103)
 2022-07-14 02:58:35,681  INFO [main] WebDriverManager:689 - Exporting webdriver.edge.driver as C:\Users\nishant\.cache\selenium\msedgedriver\win64\103.0.1264.49\msedgedriver.exe
 2022-07-14 02:58:44,326  INFO [main] WebDriverManager:632 - Using msedgedriver 103.0.1264.49 (resolved driver for Edge 103)
 2022-07-14 02:58:44,341  INFO [main] WebDriverManager:689 - Exporting webdriver.edge.driver as C:\Users\nishant\.cache\selenium\msedgedriver\win64\103.0.1264.49\msedgedriver.exe
 2022-07-14 02:58:52,686  INFO [main] WebDriverManager:632 - Using msedgedriver 103.0.1264.49 (resolved driver for Edge 103)
 2022-07-14 02:58:52,711  INFO [main] WebDriverManager:689 - Exporting webdriver.edge.driver as C:\Users\nishant\.cache\selenium\msedgedriver\win64\103.0.1264.49\msedgedriver.exe
 2022-07-14 02:59:00,846  INFO [main] WebDriverManager:632 - Using msedgedriver 103.0.1264.49 (resolved driver for Edge 103)
 2022-07-14 02:59:00,861  INFO [main] WebDriverManager:689 - Exporting webdriver.edge.driver as C:\Users\nishant\.cache\selenium\msedgedriver\win64\103.0.1264.49\msedgedriver.exe
 2022-07-14 03:10:51,834  INFO [main] WebDriverManager:632 - Using chromedriver 103.0.5060.53 (resolved driver for Chrome 103)
 2022-07-14 03:10:51,856  INFO [main] WebDriverManager:689 - Exporting webdriver.chrome.driver as C:\Users\nishant\.cache\selenium\chromedriver\win32\103.0.5060.53\chromedriver.exe
 2022-07-14 03:10:56,883  INFO [main] WebDriverManager:632 - Using chromedriver 103.0.5060.53 (resolved driver for Chrome 103)
 2022-07-14 03:10:56,895  INFO [main] WebDriverManager:689 - Exporting webdriver.chrome.driver as C:\Users\nishant\.cache\selenium\chromedriver\win32\103.0.5060.53\chromedriver.exe
 2022-07-14 03:11:04,885  INFO [main] WebDriverManager:632 - Using chromedriver 103.0.5060.53 (resolved driver for Chrome 103)
 2022-07-14 03:11:04,900  INFO [main] WebDriverManager:689 - Exporting webdriver.chrome.driver as C:\Users\nishant\.cache\selenium\chromedriver\win32\103.0.5060.53\chromedriver.exe
 2022-07-14 03:11:08,930  INFO [main] WebDriverManager:632 - Using chromedriver 103.0.5060.53 (resolved driver for Chrome 103)
 2022-07-14 03:11:08,942  INFO [main] WebDriverManager:689 - Exporting webdriver.chrome.driver as C:\Users\nishant\.cache\selenium\chromedriver\win32\103.0.5060.53\chromedriver.exe
 2022-07-14 03:11:14,846  INFO [main] WebDriverManager:632 - Using chromedriver 103.0.5060.53 (resolved driver for Chrome 103)
 2022-07-14 03:11:14,860  INFO [main] WebDriverManager:689 - Exporting webdriver.chrome.driver as C:\Users\nishant\.cache\selenium\chromedriver\win32\103.0.5060.53\chromedriver.exe
 2022-07-14 03:11:23,442  INFO [main] WebDriverManager:632 - Using chromedriver 103.0.5060.53 (resolved driver for Chrome 103)
 2022-07-14 03:11:23,447  INFO [main] WebDriverManager:689 - Exporting webdriver.chrome.driver as C:\Users\nishant\.cache\selenium\chromedriver\win32\103.0.5060.53\chromedriver.exe
 2022-07-14 03:11:32,078  INFO [main] WebDriverManager:632 - Using chromedriver 103.0.5060.53 (resolved driver for Chrome 103)
 2022-07-14 03:11:32,094  INFO [main] WebDriverManager:689 - Exporting webdriver.chrome.driver as C:\Users\nishant\.cache\selenium\chromedriver\win32\103.0.5060.53\chromedriver.exe
 2022-07-14 03:11:42,525  INFO [main] WebDriverManager:632 - Using chromedriver 103.0.5060.53 (resolved driver for Chrome 103)
 2022-07-14 03:11:42,556  INFO [main] WebDriverManager:689 - Exporting webdriver.chrome.driver as C:\Users\nishant\.cache\selenium\chromedriver\win32\103.0.5060.53\chromedriver.exe
 2022-07-14 03:11:54,081  INFO [main] WebDriverManager:632 - Using chromedriver 103.0.5060.53 (resolved driver for Chrome 103)
 2022-07-14 03:11:54,097  INFO [main] WebDriverManager:689 - Exporting webdriver.chrome.driver as C:\Users\nishant\.cache\selenium\chromedriver\win32\103.0.5060.53\chromedriver.exe
 2022-07-14 03:21:47,373  INFO [main] WebDriverManager:632 - Using chromedriver 103.0.5060.53 (resolved driver for Chrome 103)
 2022-07-14 03:21:47,393  INFO [main] WebDriverManager:689 - Exporting webdriver.chrome.driver as C:\Users\nishant\.cache\selenium\chromedriver\win32\103.0.5060.53\chromedriver.exe
 2022-07-14 03:24:33,935  INFO [main] WebDriverManager:632 - Using chromedriver 103.0.5060.53 (resolved driver for Chrome 103)
 2022-07-14 03:24:33,969  INFO [main] WebDriverManager:689 - Exporting webdriver.chrome.driver as C:\Users\nishant\.cache\selenium\chromedriver\win32\103.0.5060.53\chromedriver.exe
 2022-07-14 03:24:40,164  INFO [main] WebDriverManager:632 - Using chromedriver 103.0.5060.53 (resolved driver for Chrome 103)
 2022-07-14 03:24:40,174  INFO [main] WebDriverManager:689 - Exporting webdriver.chrome.driver as C:\Users\nishant\.cache\selenium\chromedriver\win32\103.0.5060.53\chromedriver.exe
 2022-07-14 03:24:48,325  INFO [main] WebDriverManager:632 - Using chromedriver 103.0.5060.53 (resolved driver for Chrome 103)
 2022-07-14 03:24:48,336  INFO [main] WebDriverManager:689 - Exporting webdriver.chrome.driver as C:\Users\nishant\.cache\selenium\chromedriver\win32\103.0.5060.53\chromedriver.exe
 2022-07-14 03:24:52,540  INFO [main] WebDriverManager:632 - Using chromedriver 103.0.5060.53 (resolved driver for Chrome 103)
 2022-07-14 03:24:52,555  INFO [main] WebDriverManager:689 - Exporting webdriver.chrome.driver as C:\Users\nishant\.cache\selenium\chromedriver\win32\103.0.5060.53\chromedriver.exe
 2022-07-14 03:24:57,960  INFO [main] WebDriverManager:632 - Using chromedriver 103.0.5060.53 (resolved driver for Chrome 103)
 2022-07-14 03:24:57,970  INFO [main] WebDriverManager:689 - Exporting webdriver.chrome.driver as C:\Users\nishant\.cache\selenium\chromedriver\win32\103.0.5060.53\chromedriver.exe
 2022-07-14 03:25:07,109  INFO [main] WebDriverManager:632 - Using chromedriver 103.0.5060.53 (resolved driver for Chrome 103)
 2022-07-14 03:25:07,112  INFO [main] WebDriverManager:689 - Exporting webdriver.chrome.driver as C:\Users\nishant\.cache\selenium\chromedriver\win32\103.0.5060.53\chromedriver.exe
 2022-07-14 03:25:15,191  INFO [main] WebDriverManager:632 - Using chromedriver 103.0.5060.53 (resolved driver for Chrome 103)
 2022-07-14 03:25:15,207  INFO [main] WebDriverManager:689 - Exporting webdriver.chrome.driver as C:\Users\nishant\.cache\selenium\chromedriver\win32\103.0.5060.53\chromedriver.exe
 2022-07-14 03:25:26,844  INFO [main] WebDriverManager:632 - Using chromedriver 103.0.5060.53 (resolved driver for Chrome 103)
 2022-07-14 03:25:26,861  INFO [main] WebDriverManager:689 - Exporting webdriver.chrome.driver as C:\Users\nishant\.cache\selenium\chromedriver\win32\103.0.5060.53\chromedriver.exe
 2022-07-14 03:25:37,843  INFO [main] WebDriverManager:632 - Using chromedriver 103.0.5060.53 (resolved driver for Chrome 103)
 2022-07-14 03:25:37,859  INFO [main] WebDriverManager:689 - Exporting webdriver.chrome.driver as C:\Users\nishant\.cache\selenium\chromedriver\win32\103.0.5060.53\chromedriver.exe
 2022-07-14 03:25:48,041  INFO [main] WebDriverManager:632 - Using chromedriver 103.0.5060.53 (resolved driver for Chrome 103)
 2022-07-14 03:25:48,041  INFO [main] WebDriverManager:689 - Exporting webdriver.chrome.driver as C:\Users\nishant\.cache\selenium\chromedriver\win32\103.0.5060.53\chromedriver.exe
 2022-07-14 03:25:56,923  INFO [main] WebDriverManager:632 - Using chromedriver 103.0.5060.53 (resolved driver for Chrome 103)
 2022-07-14 03:25:56,939  INFO [main] WebDriverManager:689 - Exporting webdriver.chrome.driver as C:\Users\nishant\.cache\selenium\chromedriver\win32\103.0.5060.53\chromedriver.exe
 2022-07-14 03:26:06,141  INFO [main] WebDriverManager:632 - Using chromedriver 103.0.5060.53 (resolved driver for Chrome 103)
 2022-07-14 03:26:06,157  INFO [main] WebDriverManager:689 - Exporting webdriver.chrome.driver as C:\Users\nishant\.cache\selenium\chromedriver\win32\103.0.5060.53\chromedriver.exe
 2022-07-14 03:26:20,824  INFO [main] WebDriverManager:632 - Using chromedriver 103.0.5060.53 (resolved driver for Chrome 103)
 2022-07-14 03:26:20,839  INFO [main] WebDriverManager:689 - Exporting webdriver.chrome.driver as C:\Users\nishant\.cache\selenium\chromedriver\win32\103.0.5060.53\chromedriver.exe
 2022-07-14 03:26:34,106  INFO [main] WebDriverManager:632 - Using chromedriver 103.0.5060.53 (resolved driver for Chrome 103)
 2022-07-14 03:26:34,106  INFO [main] WebDriverManager:689 - Exporting webdriver.chrome.driver as C:\Users\nishant\.cache\selenium\chromedriver\win32\103.0.5060.53\chromedriver.exe
 2022-07-14 03:26:45,191  INFO [main] WebDriverManager:632 - Using chromedriver 103.0.5060.53 (resolved driver for Chrome 103)
 2022-07-14 03:26:45,207  INFO [main] WebDriverManager:689 - Exporting webdriver.chrome.driver as C:\Users\nishant\.cache\selenium\chromedriver\win32\103.0.5060.53\chromedriver.exe
 2022-07-14 03:27:01,269  INFO [main] WebDriverManager:632 - Using chromedriver 103.0.5060.53 (resolved driver for Chrome 103)
 2022-07-14 03:27:01,285  INFO [main] WebDriverManager:689 - Exporting webdriver.chrome.driver as C:\Users\nishant\.cache\selenium\chromedriver\win32\103.0.5060.53\chromedriver.exe
 2022-07-14 03:27:12,878  INFO [main] WebDriverManager:632 - Using chromedriver 103.0.5060.53 (resolved driver for Chrome 103)
 2022-07-14 03:27:12,893  INFO [main] WebDriverManager:689 - Exporting webdriver.chrome.driver as C:\Users\nishant\.cache\selenium\chromedriver\win32\103.0.5060.53\chromedriver.exe
 2022-07-14 03:27:23,068  INFO [main] WebDriverManager:632 - Using chromedriver 103.0.5060.53 (resolved driver for Chrome 103)
 2022-07-14 03:27:23,084  INFO [main] WebDriverManager:689 - Exporting webdriver.chrome.driver as C:\Users\nishant\.cache\selenium\chromedriver\win32\103.0.5060.53\chromedriver.exe
 2022-07-14 03:27:29,749  INFO [main] WebDriverManager:632 - Using chromedriver 103.0.5060.53 (resolved driver for Chrome 103)
 2022-07-14 03:27:29,756  INFO [main] WebDriverManager:689 - Exporting webdriver.chrome.driver as C:\Users\nishant\.cache\selenium\chromedriver\win32\103.0.5060.53\chromedriver.exe
 2022-07-14 03:27:36,348  INFO [main] WebDriverManager:632 - Using chromedriver 103.0.5060.53 (resolved driver for Chrome 103)
 2022-07-14 03:27:36,365  INFO [main] WebDriverManager:689 - Exporting webdriver.chrome.driver as C:\Users\nishant\.cache\selenium\chromedriver\win32\103.0.5060.53\chromedriver.exe
 2022-07-14 03:27:42,826  INFO [main] WebDriverManager:632 - Using chromedriver 103.0.5060.53 (resolved driver for Chrome 103)
 2022-07-14 03:27:42,834  INFO [main] WebDriverManager:689 - Exporting webdriver.chrome.driver as C:\Users\nishant\.cache\selenium\chromedriver\win32\103.0.5060.53\chromedriver.exe
 2022-07-14 13:39:51,785  INFO [main] WebDriverManager:632 - Using chromedriver 103.0.5060.53 (resolved driver for Chrome 103)
 2022-07-14 13:39:51,830  INFO [main] WebDriverManager:689 - Exporting webdriver.chrome.driver as C:\Users\nishant\.cache\selenium\chromedriver\win32\103.0.5060.53\chromedriver.exe
 2022-07-14 13:39:59,320  INFO [main] WebDriverManager:632 - Using chromedriver 103.0.5060.53 (resolved driver for Chrome 103)
 2022-07-14 13:39:59,353  INFO [main] WebDriverManager:689 - Exporting webdriver.chrome.driver as C:\Users\nishant\.cache\selenium\chromedriver\win32\103.0.5060.53\chromedriver.exe
 2022-07-14 13:40:01,623  INFO [main] WebDriverManager:632 - Using chromedriver 103.0.5060.53 (resolved driver for Chrome 103)
 2022-07-14 13:40:01,632  INFO [main] WebDriverManager:689 - Exporting webdriver.chrome.driver as C:\Users\nishant\.cache\selenium\chromedriver\win32\103.0.5060.53\chromedriver.exe
 2022-07-14 13:40:03,959  INFO [main] WebDriverManager:632 - Using chromedriver 103.0.5060.53 (resolved driver for Chrome 103)
 2022-07-14 13:40:03,968  INFO [main] WebDriverManager:689 - Exporting webdriver.chrome.driver as C:\Users\nishant\.cache\selenium\chromedriver\win32\103.0.5060.53\chromedriver.exe
 2022-07-14 13:40:06,511  INFO [main] WebDriverManager:632 - Using chromedriver 103.0.5060.53 (resolved driver for Chrome 103)
 2022-07-14 13:40:06,538  INFO [main] WebDriverManager:689 - Exporting webdriver.chrome.driver as C:\Users\nishant\.cache\selenium\chromedriver\win32\103.0.5060.53\chromedriver.exe
 2022-07-14 13:51:23,278  INFO [main] WebDriverManager:632 - Using chromedriver 103.0.5060.53 (resolved driver for Chrome 103)
 2022-07-14 13:51:23,296  INFO [main] WebDriverManager:689 - Exporting webdriver.chrome.driver as C:\Users\nishant\.cache\selenium\chromedriver\win32\103.0.5060.53\chromedriver.exe
 2022-07-14 13:51:27,091  INFO [main] WebDriverManager:632 - Using chromedriver 103.0.5060.53 (resolved driver for Chrome 103)
 2022-07-14 13:51:27,100  INFO [main] WebDriverManager:689 - Exporting webdriver.chrome.driver as C:\Users\nishant\.cache\selenium\chromedriver\win32\103.0.5060.53\chromedriver.exe
 2022-07-14 15:06:10,469  INFO [main] WebDriverManager:632 - Using chromedriver 103.0.5060.53 (resolved driver for Chrome 103)
 2022-07-14 15:06:10,490  INFO [main] WebDriverManager:689 - Exporting webdriver.chrome.driver as C:\Users\nishant\.cache\selenium\chromedriver\win32\103.0.5060.53\chromedriver.exe
 2022-07-14 15:07:23,677  INFO [main] WebDriverManager:632 - Using chromedriver 103.0.5060.53 (resolved driver for Chrome 103)
 2022-07-14 15:07:23,708  INFO [main] WebDriverManager:689 - Exporting webdriver.chrome.driver as C:\Users\nishant\.cache\selenium\chromedriver\win32\103.0.5060.53\chromedriver.exe
 2022-07-14 15:11:18,325  INFO [main] WebDriverManager:632 - Using chromedriver 103.0.5060.53 (resolved driver for Chrome 103)
 2022-07-14 15:11:18,338  INFO [main] WebDriverManager:689 - Exporting webdriver.chrome.driver as C:\Users\nishant\.cache\selenium\chromedriver\win32\103.0.5060.53\chromedriver.exe
 2022-07-14 16:04:37,548  INFO [main] WebDriverManager:632 - Using chromedriver 103.0.5060.53 (resolved driver for Chrome 103)
 2022-07-14 16:04:37,561  INFO [main] WebDriverManager:689 - Exporting webdriver.chrome.driver as C:\Users\nishant\.cache\selenium\chromedriver\win32\103.0.5060.53\chromedriver.exe
 2022-07-14 16:04:41,334  INFO [main] WebDriverManager:632 - Using chromedriver 103.0.5060.53 (resolved driver for Chrome 103)
 2022-07-14 16:04:41,346  INFO [main] WebDriverManager:689 - Exporting webdriver.chrome.driver as C:\Users\nishant\.cache\selenium\chromedriver\win32\103.0.5060.53\chromedriver.exe
 2022-07-14 16:48:00,965  INFO [main] WebDriverManager:632 - Using chromedriver 103.0.5060.53 (resolved driver for Chrome 103)
 2022-07-14 16:48:01,003  INFO [main] WebDriverManager:689 - Exporting webdriver.chrome.driver as C:\Users\nishant\.cache\selenium\chromedriver\win32\103.0.5060.53\chromedriver.exe
 2022-07-14 16:48:05,026  INFO [main] WebDriverManager:632 - Using chromedriver 103.0.5060.53 (resolved driver for Chrome 103)
 2022-07-14 16:48:05,037  INFO [main] WebDriverManager:689 - Exporting webdriver.chrome.driver as C:\Users\nishant\.cache\selenium\chromedriver\win32\103.0.5060.53\chromedriver.exe
 2022-07-14 18:37:49,069  INFO [main] WebDriverManager:632 - Using chromedriver 103.0.5060.53 (resolved driver for Chrome 103)
 2022-07-14 18:37:49,085  INFO [main] WebDriverManager:689 - Exporting webdriver.chrome.driver as C:\Users\nishant\.cache\selenium\chromedriver\win32\103.0.5060.53\chromedriver.exe
 2022-07-14 18:38:34,537  INFO [main] WebDriverManager:632 - Using chromedriver 103.0.5060.53 (resolved driver for Chrome 103)
 2022-07-14 18:38:34,552  INFO [main] WebDriverManager:689 - Exporting webdriver.chrome.driver as C:\Users\nishant\.cache\selenium\chromedriver\win32\103.0.5060.53\chromedriver.exe
 2022-07-14 18:39:35,974  INFO [main] WebDriverManager:632 - Using chromedriver 103.0.5060.53 (resolved driver for Chrome 103)
 2022-07-14 18:39:35,990  INFO [main] WebDriverManager:689 - Exporting webdriver.chrome.driver as C:\Users\nishant\.cache\selenium\chromedriver\win32\103.0.5060.53\chromedriver.exe
 2022-07-14 18:41:38,695  INFO [main] WebDriverManager:632 - Using chromedriver 103.0.5060.53 (resolved driver for Chrome 103)
 2022-07-14 18:41:38,723  INFO [main] WebDriverManager:689 - Exporting webdriver.chrome.driver as C:\Users\nishant\.cache\selenium\chromedriver\win32\103.0.5060.53\chromedriver.exe
 2022-07-14 18:43:07,169  INFO [main] WebDriverManager:632 - Using chromedriver 103.0.5060.53 (resolved driver for Chrome 103)
 2022-07-14 18:43:07,198  INFO [main] WebDriverManager:689 - Exporting webdriver.chrome.driver as C:\Users\nishant\.cache\selenium\chromedriver\win32\103.0.5060.53\chromedriver.exe
 2022-07-14 19:48:52,200  INFO [main] WebDriverManager:632 - Using chromedriver 103.0.5060.53 (resolved driver for Chrome 103)
 2022-07-14 19:48:52,224  INFO [main] WebDriverManager:689 - Exporting webdriver.chrome.driver as C:\Users\nishant\.cache\selenium\chromedriver\win32\103.0.5060.53\chromedriver.exe
 2022-07-14 19:48:58,948  INFO [main] WebDriverManager:632 - Using chromedriver 103.0.5060.53 (resolved driver for Chrome 103)
 2022-07-14 19:48:58,965  INFO [main] WebDriverManager:689 - Exporting webdriver.chrome.driver as C:\Users\nishant\.cache\selenium\chromedriver\win32\103.0.5060.53\chromedriver.exe
 